2025-08-22 13:02:59 - core.logger - INFO - Logging initialized - Level: INFO
2025-08-22 13:02:59 - core.logger - INFO - Log file: c:\Users\Ahmet\Documents\GitHub\PersonelProjects\binance_terminal_dev\src\core\..\..\logs\binance_terminal_20250822.log
2025-08-22 13:02:59 - binance_terminal.main - INFO - Starting the application...
2025-08-22 13:02:59 - binance_terminal.main - INFO - PySide6 imported successfully
2025-08-22 13:02:59 - binance_terminal.main - INFO - QApplication created
2025-08-22 13:02:59 - root - INFO - Initializing GUI...
2025-08-22 13:02:59 - root - INFO - Binance API client successfully initialized
2025-08-22 13:02:59 - root - INFO - Binance client prepared successfully
2025-08-22 13:02:59 - root - INFO - Creating main window...
2025-08-22 13:02:59 - root - INFO - MainWindow: Starting initialization...
2025-08-22 13:02:59 - root - INFO - Application and window icon set to: c:\Users\Ahmet\Documents\GitHub\PersonelProjects\binance_terminal_dev\assets\btc.png
2025-08-22 13:02:59 - root - INFO - MainWindow: Setting up UI...
2025-08-22 13:03:02 - root - INFO - MainWindow: Initialization completed successfully
2025-08-22 13:03:02 - root - INFO - Showing main window...
2025-08-22 13:03:03 - root - INFO - Window brought to foreground using Windows API
2025-08-22 13:03:03 - root - INFO - Loading user preferences from: c:\Users\Ahmet\Documents\GitHub\PersonelProjects\binance_terminal_dev\config\Preferences.txt
2025-08-22 13:03:03 - root - INFO - WebSocket thread started
2025-08-22 13:03:03 - root - INFO - Starting GUI event loop...
2025-08-22 13:03:03 - root - INFO - Found favorite coins in preferences: ['AAVE', 'ETH', 'BTC', 'DOGE', 'EIGEN']
2025-08-22 13:03:03 - root - INFO - Successfully loaded user preferences. Active symbols: 5 coins
2025-08-22 13:03:03 - root - INFO - WebSocket started in background.
2025-08-22 13:03:04 - websocket - INFO - Websocket connected
2025-08-22 13:03:14 - root - INFO - DataManager initialized successfully
2025-08-22 13:03:14 - root - INFO - Binance API client successfully initialized
2025-08-22 13:03:15 - root - INFO - Buy preferences loaded: soft_risk=0.15, hard_risk=0.4
2025-08-22 13:03:17 - root - INFO - Symbol info retrieved for DOGEUSDT: min=1.0, max=9000000.0, step=1.0
2025-08-22 13:03:17 - root - INFO - Quantity rounded: 38603.52098884844 → 38604.0 (precision: 0)
2025-08-22 13:03:18 - root - INFO - BUY order executed: DOGEUSDT - 38604.0 @ $0.21702 (Total: $8377.84008)
2025-08-22 13:03:18 - root - INFO - Soft buy order completed for DOGEUSDT with 15.0%
2025-08-22 13:03:18 - root - INFO - Trade saved: 20250822_130318_DOGEUSDT
2025-08-22 13:03:18 - root - INFO - Taking portfolio snapshot...
2025-08-22 13:03:18 - root - INFO - Complete trade executed and saved: Soft_Buy DOGEUSDT - 38604.0 @ 0.21702
2025-08-22 13:03:18 - root - INFO - Binance API client successfully initialized
2025-08-22 13:03:18 - root - INFO - Portfolio tracker initialized
2025-08-22 13:03:21 - binance_terminal.main - INFO - Application exited with code: 0
2025-08-22 13:13:39 - core.logger - INFO - Logging initialized - Level: INFO
2025-08-22 13:13:39 - core.logger - INFO - Log file: c:\Users\Ahmet\Documents\GitHub\PersonelProjects\binance_terminal_dev\src\core\..\..\logs\binance_terminal_20250822.log
2025-08-22 13:13:39 - binance_terminal.main - INFO - Starting the application...
2025-08-22 13:13:39 - binance_terminal.main - INFO - PySide6 imported successfully
2025-08-22 13:13:39 - binance_terminal.main - INFO - QApplication created
2025-08-22 13:13:39 - root - INFO - Initializing GUI...
2025-08-22 13:13:40 - root - INFO - Binance API client successfully initialized
2025-08-22 13:13:40 - root - INFO - Binance client prepared successfully
2025-08-22 13:13:40 - root - INFO - Creating main window...
2025-08-22 13:13:40 - root - INFO - MainWindow: Starting initialization...
2025-08-22 13:13:40 - root - INFO - Application and window icon set to: c:\Users\Ahmet\Documents\GitHub\PersonelProjects\binance_terminal_dev\assets\btc.png
2025-08-22 13:13:40 - root - INFO - MainWindow: Setting up UI...
2025-08-22 13:13:41 - root - INFO - MainWindow: Initialization completed successfully
2025-08-22 13:13:41 - root - INFO - Showing main window...
2025-08-22 13:13:41 - root - INFO - Window brought to foreground using Windows API
2025-08-22 13:13:41 - root - INFO - Loading user preferences from: c:\Users\Ahmet\Documents\GitHub\PersonelProjects\binance_terminal_dev\config\Preferences.txt
2025-08-22 13:13:41 - root - INFO - WebSocket thread started
2025-08-22 13:13:41 - root - INFO - Starting GUI event loop...
2025-08-22 13:13:41 - root - INFO - Found favorite coins in preferences: ['AAVE', 'ETH', 'BTC', 'DOGE', 'EIGEN']
2025-08-22 13:13:41 - root - INFO - Successfully loaded user preferences. Active symbols: 5 coins
2025-08-22 13:13:41 - root - INFO - WebSocket started in background.
2025-08-22 13:13:42 - websocket - INFO - Websocket connected
2025-08-22 13:13:47 - root - INFO - DataManager initialized successfully
2025-08-22 13:13:47 - root - ERROR - Error in make_order: Style=Soft_Buy, Symbol=ETHUSDT, Error=attempted relative import beyond top-level package
2025-08-22 13:13:47 - root - ERROR - Full traceback for make_order error:
Traceback (most recent call last):
  File "c:\Users\Ahmet\Documents\GitHub\PersonelProjects\binance_terminal_dev\src\services\order_service.py", line 444, in make_order
    from ..models import OrderManager
ImportError: attempted relative import beyond top-level package
2025-08-22 13:14:05 - root - ERROR - Error in make_order: Style=Soft_Buy, Symbol=DOGEUSDT, Error=attempted relative import beyond top-level package
2025-08-22 13:14:05 - root - ERROR - Full traceback for make_order error:
Traceback (most recent call last):
  File "c:\Users\Ahmet\Documents\GitHub\PersonelProjects\binance_terminal_dev\src\services\order_service.py", line 444, in make_order
    from ..models import OrderManager
ImportError: attempted relative import beyond top-level package
2025-08-22 13:16:03 - binance_terminal.main - INFO - Application exited with code: 0
2025-08-22 13:18:17 - core.logger - INFO - Logging initialized - Level: INFO
2025-08-22 13:18:17 - core.logger - INFO - Log file: c:\Users\Ahmet\Documents\GitHub\PersonelProjects\binance_terminal_dev\src\core\..\..\logs\binance_terminal_20250822.log
2025-08-22 13:18:17 - binance_terminal.main - INFO - Starting the application...
2025-08-22 13:18:17 - binance_terminal.main - INFO - PySide6 imported successfully
2025-08-22 13:18:17 - binance_terminal.main - INFO - QApplication created
2025-08-22 13:18:17 - root - INFO - Initializing GUI...
2025-08-22 13:18:18 - root - INFO - Binance API client successfully initialized
2025-08-22 13:18:18 - root - INFO - Binance client prepared successfully
2025-08-22 13:18:18 - root - INFO - Creating main window...
2025-08-22 13:18:18 - root - INFO - MainWindow: Starting initialization...
2025-08-22 13:18:18 - root - INFO - Application and window icon set to: c:\Users\Ahmet\Documents\GitHub\PersonelProjects\binance_terminal_dev\assets\btc.png
2025-08-22 13:18:18 - root - INFO - MainWindow: Setting up UI...
2025-08-22 13:18:18 - root - INFO - MainWindow: Initialization completed successfully
2025-08-22 13:18:18 - root - INFO - Showing main window...
2025-08-22 13:18:18 - root - INFO - Window brought to foreground using Windows API
2025-08-22 13:18:18 - root - INFO - Loading user preferences from: c:\Users\Ahmet\Documents\GitHub\PersonelProjects\binance_terminal_dev\config\Preferences.txt
2025-08-22 13:18:18 - root - INFO - WebSocket thread started
2025-08-22 13:18:18 - root - INFO - Starting GUI event loop...
2025-08-22 13:18:18 - root - INFO - Found favorite coins in preferences: ['AAVE', 'ETH', 'BTC', 'DOGE', 'EIGEN']
2025-08-22 13:18:18 - root - INFO - Successfully loaded user preferences. Active symbols: 5 coins
2025-08-22 13:18:18 - root - INFO - WebSocket started in background.
2025-08-22 13:18:20 - websocket - INFO - Websocket connected
2025-08-22 13:18:21 - root - INFO - DataManager initialized successfully
2025-08-22 13:18:21 - root - INFO - Binance API client successfully initialized
2025-08-22 13:18:21 - root - INFO - Buy preferences loaded: soft_risk=0.15, hard_risk=0.4
2025-08-22 13:18:22 - MarketBuyOrder - INFO - Executing SOFT market buy for DOGEUSDT with 15.0%
2025-08-22 13:18:24 - root - INFO - Symbol info retrieved for DOGEUSDT: min=1.0, max=9000000.0, step=1.0
2025-08-22 13:18:24 - root - INFO - Quantity rounded: 33090.17183786422 → 33090.0 (precision: 0)
2025-08-22 13:18:24 - root - INFO - BUY order executed: DOGEUSDT - 20135.0 @ $0.21519 (Total: $7120.76665)
2025-08-22 13:18:24 - MarketBuyOrder - INFO - SOFT buy order completed for DOGEUSDT
2025-08-22 13:18:24 - OrderManager - INFO - Order executed successfully: Soft_Buy DOGEUSDT
2025-08-22 13:18:25 - root - INFO - Trade saved: 20250822_131825_DOGEUSDT
2025-08-22 13:18:25 - root - INFO - Taking portfolio snapshot...
2025-08-22 13:18:25 - root - INFO - Complete trade executed and saved: Soft_Buy DOGEUSDT - 20135.0 @ 0.21519
2025-08-22 13:18:26 - root - INFO - Binance API client successfully initialized
2025-08-22 13:18:26 - root - INFO - Portfolio tracker initialized
2025-08-22 13:18:37 - root - INFO - Binance API client successfully initialized
2025-08-22 13:18:37 - root - INFO - Buy preferences loaded: soft_risk=0.15, hard_risk=0.4
2025-08-22 13:18:38 - MarketBuyOrder - INFO - Executing SOFT market buy for EIGENUSDT with 15.0%
2025-08-22 13:18:39 - root - INFO - Symbol info retrieved for EIGENUSDT: min=0.01, max=92141578.0, step=0.01
2025-08-22 13:18:39 - root - INFO - Quantity rounded: 4554.220526930022 → 4554.22 (precision: 2)
2025-08-22 13:18:39 - root - INFO - BUY order executed: EIGENUSDT - 4554.22 @ $1.319 (Total: $6007.01618)
2025-08-22 13:18:39 - MarketBuyOrder - INFO - SOFT buy order completed for EIGENUSDT
2025-08-22 13:18:39 - OrderManager - INFO - Order executed successfully: Soft_Buy EIGENUSDT
2025-08-22 13:18:40 - root - INFO - Trade saved: 20250822_131840_EIGENUSDT
2025-08-22 13:18:40 - root - INFO - Taking portfolio snapshot...
2025-08-22 13:18:40 - root - INFO - Complete trade executed and saved: Soft_Buy EIGENUSDT - 4554.22 @ 1.319
2025-08-22 13:18:46 - binance_terminal.main - INFO - Application exited with code: 0
2025-08-22 13:46:34 - core.logger - INFO - Logging initialized - Level: INFO
2025-08-22 13:46:34 - core.logger - INFO - Log file: c:\Users\Ahmet\Documents\GitHub\PersonelProjects\binance_terminal_dev\src\core\..\..\logs\binance_terminal_20250822.log
2025-08-22 13:46:34 - binance_terminal.main - INFO - Starting the application...
2025-08-22 13:46:34 - binance_terminal.main - INFO - PySide6 imported successfully
2025-08-22 13:46:34 - binance_terminal.main - INFO - QApplication created
2025-08-22 13:46:34 - root - INFO - Initializing GUI...
2025-08-22 13:46:34 - root - INFO - Binance API client successfully initialized
2025-08-22 13:46:34 - root - INFO - Binance client prepared successfully
2025-08-22 13:46:34 - root - INFO - Creating main window...
2025-08-22 13:46:34 - root - INFO - MainWindow: Starting initialization...
2025-08-22 13:46:34 - root - INFO - Application and window icon set to: c:\Users\Ahmet\Documents\GitHub\PersonelProjects\binance_terminal_dev\assets\btc.png
2025-08-22 13:46:34 - root - INFO - MainWindow: Setting up UI...
2025-08-22 13:46:37 - root - INFO - MainWindow: Initialization completed successfully
2025-08-22 13:46:37 - root - INFO - Showing main window...
2025-08-22 13:46:38 - root - INFO - Window brought to foreground using Windows API
2025-08-22 13:46:38 - root - INFO - Loading user preferences from: c:\Users\Ahmet\Documents\GitHub\PersonelProjects\binance_terminal_dev\config\Preferences.txt
2025-08-22 13:46:38 - root - INFO - WebSocket thread started
2025-08-22 13:46:38 - root - INFO - Starting GUI event loop...
2025-08-22 13:46:38 - root - INFO - Found favorite coins in preferences: ['AAVE', 'ETH', 'BTC', 'DOGE', 'EIGEN']
2025-08-22 13:46:38 - root - INFO - Successfully loaded user preferences. Active symbols: 5 coins
2025-08-22 13:46:38 - root - INFO - WebSocket started in background.
2025-08-22 13:46:39 - websocket - INFO - Websocket connected
2025-08-22 13:46:46 - root - INFO - DataManager initialized successfully
2025-08-22 13:46:46 - root - INFO - Binance API client successfully initialized
2025-08-22 13:46:46 - root - INFO - Buy preferences loaded: soft_risk=0.15, hard_risk=0.4
2025-08-22 13:46:47 - MarketBuyOrder - INFO - Executing SOFT market buy for EIGENUSDT with 15.0%
2025-08-22 13:46:49 - root - INFO - Symbol info retrieved for EIGENUSDT: min=0.01, max=92141578.0, step=0.01
2025-08-22 13:46:49 - root - INFO - Quantity rounded: 3905.6153550341164 → 3905.62 (precision: 2)
2025-08-22 13:46:49 - root - INFO - BUY order executed: EIGENUSDT - 3905.62 @ $1.314 (Total: $5131.98468)
2025-08-22 13:46:49 - MarketBuyOrder - INFO - SOFT buy order completed for EIGENUSDT
2025-08-22 13:46:49 - OrderManager - INFO - Order executed successfully: Soft_Buy EIGENUSDT
2025-08-22 13:46:50 - root - INFO - Trade saved: 20250822_134650_EIGENUSDT
2025-08-22 13:46:50 - root - INFO - Taking portfolio snapshot...
2025-08-22 13:46:50 - root - INFO - Complete trade executed and saved: Soft_Buy EIGENUSDT - 3905.62 @ 1.314
2025-08-22 13:46:50 - root - INFO - Binance API client successfully initialized
2025-08-22 13:46:50 - root - INFO - Portfolio tracker initialized
2025-08-22 13:46:53 - binance_terminal.main - INFO - Application exited with code: 0
2025-08-22 14:01:12 - core.logger - INFO - Logging initialized - Level: INFO
2025-08-22 14:01:12 - core.logger - INFO - Log file: c:\Users\Ahmet\Documents\GitHub\PersonelProjects\binance_terminal_dev\src\core\..\..\logs\binance_terminal_20250822.log
2025-08-22 14:01:12 - binance_terminal.main - INFO - Starting the application...
2025-08-22 14:01:12 - binance_terminal.main - INFO - PySide6 imported successfully
2025-08-22 14:01:12 - binance_terminal.main - INFO - QApplication created
2025-08-22 14:01:12 - root - INFO - Initializing GUI...
2025-08-22 14:01:12 - root - INFO - Binance API client successfully initialized
2025-08-22 14:01:13 - root - INFO - Binance client prepared successfully
2025-08-22 14:01:13 - root - INFO - Creating main window...
2025-08-22 14:01:13 - root - INFO - MainWindow: Starting initialization...
2025-08-22 14:01:13 - root - INFO - Application and window icon set to: c:\Users\Ahmet\Documents\GitHub\PersonelProjects\binance_terminal_dev\assets\btc.png
2025-08-22 14:01:13 - root - INFO - MainWindow: Setting up UI...
2025-08-22 14:01:13 - root - INFO - MainWindow: Initialization completed successfully
2025-08-22 14:01:13 - root - INFO - Showing main window...
2025-08-22 14:01:14 - root - INFO - Window brought to foreground using Windows API
2025-08-22 14:01:14 - root - INFO - Loading user preferences from: c:\Users\Ahmet\Documents\GitHub\PersonelProjects\binance_terminal_dev\config\Preferences.txt
2025-08-22 14:01:14 - root - INFO - WebSocket thread started
2025-08-22 14:01:14 - root - INFO - Starting GUI event loop...
2025-08-22 14:01:14 - root - INFO - Found favorite coins in preferences: ['AAVE', 'ETH', 'BTC', 'DOGE', 'EIGEN']
2025-08-22 14:01:14 - root - INFO - Successfully loaded user preferences. Active symbols: 5 coins
2025-08-22 14:01:14 - root - INFO - WebSocket started in background.
2025-08-22 14:01:15 - websocket - INFO - Websocket connected
2025-08-22 14:01:16 - root - INFO - DataManager initialized successfully
2025-08-22 14:01:17 - root - INFO - Binance API client successfully initialized
2025-08-22 14:01:17 - root - INFO - Preferences cached at module level: soft_risk=15.0%, hard_risk=40.0%
2025-08-22 14:01:17 - MarketBuyOrder - INFO - Executing SOFT market buy for EIGENUSDT with 15.0%
2025-08-22 14:01:19 - root - INFO - Symbol info retrieved for EIGENUSDT: min=0.01, max=92141578.0, step=0.01
2025-08-22 14:01:19 - root - INFO - Quantity rounded: 3334.6339050913243 → 3334.63 (precision: 2)
2025-08-22 14:01:19 - root - INFO - BUY order executed: EIGENUSDT - 3334.63 @ $1.314 (Total: $4381.70382)
2025-08-22 14:01:19 - MarketBuyOrder - INFO - SOFT buy order completed for EIGENUSDT
2025-08-22 14:01:19 - OrderManager - INFO - Order executed successfully: Soft_Buy EIGENUSDT
2025-08-22 14:01:20 - root - INFO - Trade saved: 20250822_140120_EIGENUSDT
2025-08-22 14:01:20 - root - INFO - Taking portfolio snapshot...
2025-08-22 14:01:20 - root - INFO - Complete trade executed and saved: Soft_Buy EIGENUSDT - 3334.63 @ 1.314
2025-08-22 14:01:20 - root - INFO - Binance API client successfully initialized
2025-08-22 14:01:20 - root - INFO - Portfolio tracker initialized
2025-08-22 14:01:43 - root - INFO - Attempting to set preference: soft_risk = 30
2025-08-22 14:01:43 - root - INFO - Updating preference soft_risk from '%15' to '30'
2025-08-22 14:01:43 - root - INFO - Successfully saved preference soft_risk to file: c:\Users\Ahmet\Documents\GitHub\PersonelProjects\binance_terminal_dev\config\Preferences.txt
2025-08-22 14:01:47 - root - INFO - Binance API client successfully initialized
2025-08-22 14:01:48 - MarketBuyOrder - INFO - Executing SOFT market buy for EIGENUSDT with 15.0%
2025-08-22 14:01:49 - root - INFO - Symbol info retrieved for EIGENUSDT: min=0.01, max=92141578.0, step=0.01
2025-08-22 14:01:49 - root - INFO - Quantity rounded: 2834.439405091324 → 2834.44 (precision: 2)
2025-08-22 14:01:50 - root - INFO - BUY order executed: EIGENUSDT - 2834.44 @ $1.313 (Total: $3721.61972)
2025-08-22 14:01:50 - MarketBuyOrder - INFO - SOFT buy order completed for EIGENUSDT
2025-08-22 14:01:50 - OrderManager - INFO - Order executed successfully: Soft_Buy EIGENUSDT
2025-08-22 14:01:50 - root - INFO - Trade saved: 20250822_140150_EIGENUSDT
2025-08-22 14:01:50 - root - INFO - Taking portfolio snapshot...
2025-08-22 14:01:50 - root - INFO - Complete trade executed and saved: Soft_Buy EIGENUSDT - 2834.44 @ 1.313
2025-08-22 14:02:09 - root - INFO - Attempting to set preference: soft_risk = 90
2025-08-22 14:02:09 - root - INFO - Updating preference soft_risk from '%30' to '90'
2025-08-22 14:02:09 - root - INFO - Successfully saved preference soft_risk to file: c:\Users\Ahmet\Documents\GitHub\PersonelProjects\binance_terminal_dev\config\Preferences.txt
2025-08-22 14:02:16 - root - INFO - Binance API client successfully initialized
2025-08-22 14:02:17 - MarketBuyOrder - INFO - Executing SOFT market buy for EIGENUSDT with 15.0%
2025-08-22 14:02:19 - root - INFO - Symbol info retrieved for EIGENUSDT: min=0.01, max=92141578.0, step=0.01
2025-08-22 14:02:19 - root - INFO - Quantity rounded: 2411.432155590251 → 2411.43 (precision: 2)
2025-08-22 14:02:19 - root - INFO - BUY order executed: EIGENUSDT - 2411.43 @ $1.313 (Total: $3166.20759)
2025-08-22 14:02:19 - MarketBuyOrder - INFO - SOFT buy order completed for EIGENUSDT
2025-08-22 14:02:19 - OrderManager - INFO - Order executed successfully: Soft_Buy EIGENUSDT
2025-08-22 14:02:19 - root - INFO - Trade saved: 20250822_140219_EIGENUSDT
2025-08-22 14:02:19 - root - INFO - Taking portfolio snapshot...
2025-08-22 14:02:19 - root - INFO - Complete trade executed and saved: Soft_Buy EIGENUSDT - 2411.43 @ 1.313
2025-08-22 14:02:24 - binance_terminal.main - INFO - Application exited with code: 0
2025-08-22 14:07:09 - core.logger - INFO - Logging initialized - Level: INFO
2025-08-22 14:07:09 - core.logger - INFO - Log file: c:\Users\Ahmet\Documents\GitHub\PersonelProjects\binance_terminal_dev\src\core\..\..\logs\binance_terminal_20250822.log
2025-08-22 14:07:09 - binance_terminal.main - INFO - Starting the application...
2025-08-22 14:07:09 - binance_terminal.main - INFO - PySide6 imported successfully
2025-08-22 14:07:09 - binance_terminal.main - INFO - QApplication created
2025-08-22 14:07:09 - root - INFO - Initializing GUI...
2025-08-22 14:07:10 - root - INFO - Binance API client successfully initialized
2025-08-22 14:07:10 - root - INFO - Binance client prepared successfully
2025-08-22 14:07:10 - root - INFO - Creating main window...
2025-08-22 14:07:10 - root - INFO - MainWindow: Starting initialization...
2025-08-22 14:07:10 - root - INFO - Application and window icon set to: c:\Users\Ahmet\Documents\GitHub\PersonelProjects\binance_terminal_dev\assets\btc.png
2025-08-22 14:07:10 - root - INFO - MainWindow: Setting up UI...
2025-08-22 14:07:11 - root - INFO - MainWindow: Initialization completed successfully
2025-08-22 14:07:11 - root - INFO - Showing main window...
2025-08-22 14:07:11 - root - INFO - Window brought to foreground using Windows API
2025-08-22 14:07:11 - root - INFO - Loading user preferences from: c:\Users\Ahmet\Documents\GitHub\PersonelProjects\binance_terminal_dev\config\Preferences.txt
2025-08-22 14:07:11 - root - INFO - WebSocket thread started
2025-08-22 14:07:11 - root - INFO - Starting GUI event loop...
2025-08-22 14:07:11 - root - INFO - Found favorite coins in preferences: ['AAVE', 'ETH', 'BTC', 'DOGE', 'EIGEN']
2025-08-22 14:07:11 - root - INFO - Successfully loaded user preferences. Active symbols: 5 coins
2025-08-22 14:07:11 - root - INFO - WebSocket started in background.
2025-08-22 14:07:12 - websocket - INFO - Websocket connected
2025-08-22 14:07:21 - root - INFO - Attempting to set preference: soft_risk = 5
2025-08-22 14:07:21 - root - INFO - Updating preference soft_risk from '%90' to '5'
2025-08-22 14:07:21 - root - INFO - Successfully saved preference soft_risk to file: c:\Users\Ahmet\Documents\GitHub\PersonelProjects\binance_terminal_dev\config\Preferences.txt
2025-08-22 14:07:21 - root - INFO - 🔄 Forcing preferences reload due to settings change
2025-08-22 14:07:21 - root - INFO - Preferences cached at module level: soft_risk=5.0%, hard_risk=40.0%
2025-08-22 14:07:21 - root - INFO - ✅ Preferences cache reloaded: (0.05, 0.4)
2025-08-22 14:07:25 - root - INFO - DataManager initialized successfully
2025-08-22 14:07:26 - root - INFO - Binance API client successfully initialized
2025-08-22 14:07:26 - MarketBuyOrder - INFO - Executing SOFT market buy for DOGEUSDT with 5.0%
2025-08-22 14:07:29 - root - INFO - Symbol info retrieved for DOGEUSDT: min=1.0, max=9000000.0, step=1.0
2025-08-22 14:07:29 - root - INFO - Quantity rounded: 4211.506943007371 → 4212.0 (precision: 0)
2025-08-22 14:07:29 - root - INFO - BUY order executed: DOGEUSDT - 4212.0 @ $0.21326 (Total: $898.25112)
2025-08-22 14:07:29 - MarketBuyOrder - INFO - SOFT buy order completed for DOGEUSDT
2025-08-22 14:07:29 - OrderManager - INFO - Order executed successfully: Soft_Buy DOGEUSDT
2025-08-22 14:07:30 - root - INFO - Trade saved: 20250822_140730_DOGEUSDT
2025-08-22 14:07:30 - root - INFO - Taking portfolio snapshot...
2025-08-22 14:07:30 - root - INFO - Complete trade executed and saved: Soft_Buy DOGEUSDT - 4212.0 @ 0.21326
2025-08-22 14:07:30 - root - INFO - Binance API client successfully initialized
2025-08-22 14:07:30 - root - INFO - Portfolio tracker initialized
2025-08-22 14:07:34 - binance_terminal.main - INFO - Application exited with code: 0
2025-08-22 14:08:34 - core.logger - INFO - Logging initialized - Level: INFO
2025-08-22 14:08:34 - core.logger - INFO - Log file: c:\Users\Ahmet\Documents\GitHub\PersonelProjects\binance_terminal_dev\src\core\..\..\logs\binance_terminal_20250822.log
2025-08-22 14:08:34 - binance_terminal.main - INFO - Starting the application...
2025-08-22 14:08:34 - binance_terminal.main - INFO - PySide6 imported successfully
2025-08-22 14:08:34 - binance_terminal.main - INFO - QApplication created
2025-08-22 14:08:34 - root - INFO - Initializing GUI...
2025-08-22 14:08:35 - root - INFO - Binance API client successfully initialized
2025-08-22 14:08:35 - root - INFO - Binance client prepared successfully
2025-08-22 14:08:35 - root - INFO - Creating main window...
2025-08-22 14:08:35 - root - INFO - MainWindow: Starting initialization...
2025-08-22 14:08:35 - root - INFO - Application and window icon set to: c:\Users\Ahmet\Documents\GitHub\PersonelProjects\binance_terminal_dev\assets\btc.png
2025-08-22 14:08:35 - root - INFO - MainWindow: Setting up UI...
2025-08-22 14:08:35 - root - INFO - MainWindow: Initialization completed successfully
2025-08-22 14:08:35 - root - INFO - Showing main window...
2025-08-22 14:08:35 - root - INFO - Window brought to foreground using Windows API
2025-08-22 14:08:35 - root - INFO - Loading user preferences from: c:\Users\Ahmet\Documents\GitHub\PersonelProjects\binance_terminal_dev\config\Preferences.txt
2025-08-22 14:08:35 - root - INFO - WebSocket thread started
2025-08-22 14:08:35 - root - INFO - Starting GUI event loop...
2025-08-22 14:08:35 - root - INFO - Found favorite coins in preferences: ['AAVE', 'ETH', 'BTC', 'DOGE', 'EIGEN']
2025-08-22 14:08:35 - root - INFO - Successfully loaded user preferences. Active symbols: 5 coins
2025-08-22 14:08:35 - root - INFO - WebSocket started in background.
2025-08-22 14:08:37 - websocket - INFO - Websocket connected
2025-08-22 14:08:43 - root - INFO - Attempting to set preference: soft_risk = 10
2025-08-22 14:08:43 - root - INFO - Updating preference soft_risk from '%5' to '10'
2025-08-22 14:08:43 - root - INFO - Successfully saved preference soft_risk to file: c:\Users\Ahmet\Documents\GitHub\PersonelProjects\binance_terminal_dev\config\Preferences.txt
2025-08-22 14:08:43 - root - INFO - 🔄 Forcing preferences reload due to settings change
2025-08-22 14:08:43 - root - INFO - Preferences cached at module level: soft_risk=10.0%, hard_risk=40.0%
2025-08-22 14:08:43 - root - INFO - ✅ Preferences cache reloaded: (0.1, 0.4)
2025-08-22 14:08:49 - binance_terminal.main - INFO - Application exited with code: 0
2025-08-22 14:16:19 - core.logger - INFO - Logging initialized - Level: INFO
2025-08-22 14:16:19 - core.logger - INFO - Log file: c:\Users\Ahmet\Documents\GitHub\PersonelProjects\binance_terminal_dev\src\core\..\..\logs\binance_terminal_20250822.log
2025-08-22 14:16:19 - binance_terminal.main - INFO - Starting the application...
2025-08-22 14:16:19 - binance_terminal.main - INFO - PySide6 imported successfully
2025-08-22 14:16:19 - binance_terminal.main - INFO - QApplication created
2025-08-22 14:16:19 - root - INFO - Initializing GUI...
2025-08-22 14:16:20 - root - INFO - 🚀 Binance client cached at module level
2025-08-22 14:16:20 - root - INFO - Binance client prepared successfully
2025-08-22 14:16:20 - root - INFO - Creating main window...
2025-08-22 14:16:20 - root - INFO - MainWindow: Starting initialization...
2025-08-22 14:16:20 - root - INFO - Application and window icon set to: c:\Users\Ahmet\Documents\GitHub\PersonelProjects\binance_terminal_dev\assets\btc.png
2025-08-22 14:16:20 - root - INFO - MainWindow: Setting up UI...
2025-08-22 14:16:20 - root - INFO - MainWindow: Initialization completed successfully
2025-08-22 14:16:20 - root - INFO - Showing main window...
2025-08-22 14:16:20 - root - INFO - Window brought to foreground using Windows API
2025-08-22 14:16:20 - root - INFO - Loading user preferences from: c:\Users\Ahmet\Documents\GitHub\PersonelProjects\binance_terminal_dev\config\Preferences.txt
2025-08-22 14:16:20 - root - INFO - WebSocket thread started
2025-08-22 14:16:20 - root - INFO - Starting GUI event loop...
2025-08-22 14:16:20 - root - INFO - Found favorite coins in preferences: ['AAVE', 'ETH', 'BTC', 'DOGE', 'EIGEN']
2025-08-22 14:16:20 - root - INFO - Successfully loaded user preferences. Active symbols: 5 coins
2025-08-22 14:16:20 - root - INFO - WebSocket started in background.
2025-08-22 14:16:22 - websocket - INFO - Websocket connected
2025-08-22 14:16:38 - root - INFO - DataManager initialized successfully
2025-08-22 14:16:38 - root - INFO - Preferences cached at module level: soft_risk=10.0%, hard_risk=40.0%
2025-08-22 14:16:39 - MarketBuyOrder - INFO - Executing SOFT market buy for EIGENUSDT with 10.0%
2025-08-22 14:16:42 - root - INFO - Symbol info retrieved for EIGENUSDT: min=0.01, max=92141578.0, step=0.01
2025-08-22 14:16:42 - root - INFO - Quantity rounded: 1298.0663182482865 → 1298.07 (precision: 2)
2025-08-22 14:16:43 - root - INFO - BUY order executed: EIGENUSDT - 1298.07 @ $1.308 (Total: $1697.87556)
2025-08-22 14:16:43 - MarketBuyOrder - INFO - SOFT buy order completed for EIGENUSDT
2025-08-22 14:16:43 - OrderManager - INFO - Order executed successfully: Soft_Buy EIGENUSDT
2025-08-22 14:16:43 - root - INFO - Trade saved: 20250822_141643_EIGENUSDT
2025-08-22 14:16:43 - root - INFO - Taking portfolio snapshot...
2025-08-22 14:16:43 - root - INFO - Complete trade executed and saved: Soft_Buy EIGENUSDT - 1298.07 @ 1.308
2025-08-22 14:16:43 - root - INFO - Portfolio tracker initialized
2025-08-22 14:16:47 - MarketSellOrder - INFO - Executing SOFT market sell for DOGEUSDT with 10.0%
2025-08-22 14:16:48 - root - INFO - Asset balance retrieved for DOGE: 168656.0
2025-08-22 14:16:48 - root - INFO - Symbol info retrieved for DOGEUSDT: min=1.0, max=9000000.0, step=1.0
2025-08-22 14:16:48 - root - INFO - Quantity rounded: 16865.600000000002 → 16866.0 (precision: 0)
2025-08-22 14:16:51 - root - INFO - SELL order executed: DOGEUSDT - 16866.0 @ $0.21229 (Total: $3580.48314)
2025-08-22 14:16:51 - MarketSellOrder - INFO - SOFT sell order completed for DOGEUSDT
2025-08-22 14:16:51 - OrderManager - INFO - Order executed successfully: Soft_Sell DOGEUSDT
2025-08-22 14:16:51 - root - INFO - Trade saved: 20250822_141651_DOGEUSDT
2025-08-22 14:16:51 - root - INFO - Taking portfolio snapshot...
2025-08-22 14:16:51 - root - INFO - Complete trade executed and saved: Soft_Sell DOGEUSDT - 16866.0 @ 0.21229
2025-08-22 14:16:53 - binance_terminal.main - INFO - Application exited with code: 0
2025-08-22 14:36:04 - core.logger - INFO - Logging initialized - Level: INFO
2025-08-22 14:36:04 - core.logger - INFO - Log file: c:\Users\Ahmet\Documents\GitHub\PersonelProjects\binance_terminal_dev\src\core\..\..\logs\binance_terminal_20250822.log
2025-08-22 14:36:04 - binance_terminal.main - INFO - Starting the application...
2025-08-22 14:36:04 - binance_terminal.main - INFO - PySide6 imported successfully
2025-08-22 14:36:04 - binance_terminal.main - INFO - QApplication created
2025-08-22 14:36:04 - root - INFO - Initializing GUI...
2025-08-22 14:36:04 - root - INFO - 🚀 Binance client cached at module level
2025-08-22 14:36:04 - root - INFO - Binance client prepared successfully
2025-08-22 14:36:04 - root - INFO - Creating main window...
2025-08-22 14:36:04 - root - INFO - MainWindow: Starting initialization...
2025-08-22 14:36:04 - root - INFO - Application and window icon set to: c:\Users\Ahmet\Documents\GitHub\PersonelProjects\binance_terminal_dev\assets\btc.png
2025-08-22 14:36:04 - root - INFO - MainWindow: Setting up UI...
2025-08-22 14:36:05 - root - INFO - MainWindow: Initialization completed successfully
2025-08-22 14:36:05 - root - INFO - Showing main window...
2025-08-22 14:36:05 - root - INFO - Window brought to foreground using Windows API
2025-08-22 14:36:05 - root - INFO - Loading user preferences from: c:\Users\Ahmet\Documents\GitHub\PersonelProjects\binance_terminal_dev\config\Preferences.txt
2025-08-22 14:36:05 - root - INFO - WebSocket thread started
2025-08-22 14:36:05 - root - INFO - Starting GUI event loop...
2025-08-22 14:36:05 - root - INFO - Found favorite coins in preferences: ['AAVE', 'ETH', 'BTC', 'DOGE', 'EIGEN']
2025-08-22 14:36:05 - root - INFO - Successfully loaded user preferences. Active symbols: 5 coins
2025-08-22 14:36:05 - root - INFO - WebSocket started in background.
2025-08-22 14:36:06 - websocket - INFO - Websocket connected
2025-08-22 14:36:08 - root - INFO - DataManager initialized successfully
2025-08-22 14:36:09 - root - INFO - Preferences cached at module level: soft_risk=10.0%, hard_risk=40.0%
2025-08-22 14:36:09 - MarketBuyOrder - INFO - Executing SOFT market buy for EIGENUSDT with 10.0%
2025-08-22 14:36:11 - root - INFO - Symbol info retrieved for EIGENUSDT: min=0.01, max=92141578.0, step=0.01
2025-08-22 14:36:11 - root - INFO - Quantity rounded: 1446.9585885779818 → 1446.96 (precision: 2)
2025-08-22 14:36:11 - root - INFO - BUY order executed: EIGENUSDT - 1446.96 @ $1.309 (Total: $1894.07064)
2025-08-22 14:36:11 - MarketBuyOrder - INFO - SOFT buy order completed for EIGENUSDT
2025-08-22 14:36:11 - OrderManager - INFO - Order executed successfully: Soft_Buy EIGENUSDT
2025-08-22 14:36:12 - root - INFO - Trade saved: 20250822_143612_EIGENUSDT
2025-08-22 14:36:12 - root - INFO - Taking portfolio snapshot...
2025-08-22 14:36:12 - root - INFO - Complete trade executed and saved: Soft_Buy EIGENUSDT - 1446.96 @ 1.309
2025-08-22 14:36:12 - root - INFO - Portfolio tracker initialized
2025-08-22 14:36:14 - binance_terminal.main - INFO - Application exited with code: 0
2025-08-22 14:41:21 - core.logger - INFO - Logging initialized - Level: INFO
2025-08-22 14:41:21 - core.logger - INFO - Log file: c:\Users\Ahmet\Documents\GitHub\PersonelProjects\binance_terminal_dev\src\core\..\..\logs\binance_terminal_20250822.log
2025-08-22 14:41:21 - binance_terminal.main - INFO - Starting the application...
2025-08-22 14:41:21 - binance_terminal.main - INFO - PySide6 imported successfully
2025-08-22 14:41:21 - binance_terminal.main - INFO - QApplication created
2025-08-22 14:41:21 - root - INFO - Initializing GUI...
2025-08-22 14:41:21 - root - INFO - 🚀 Binance client cached at module level
2025-08-22 14:41:21 - root - INFO - Binance client prepared successfully
2025-08-22 14:41:21 - root - INFO - Creating main window...
2025-08-22 14:41:21 - root - INFO - MainWindow: Starting initialization...
2025-08-22 14:41:21 - root - INFO - Application and window icon set to: c:\Users\Ahmet\Documents\GitHub\PersonelProjects\binance_terminal_dev\assets\btc.png
2025-08-22 14:41:21 - root - INFO - MainWindow: Setting up UI...
2025-08-22 14:41:22 - root - INFO - MainWindow: Initialization completed successfully
2025-08-22 14:41:22 - root - INFO - Showing main window...
2025-08-22 14:41:22 - root - INFO - Window brought to foreground using Windows API
2025-08-22 14:41:22 - root - INFO - Loading user preferences from: c:\Users\Ahmet\Documents\GitHub\PersonelProjects\binance_terminal_dev\config\Preferences.txt
2025-08-22 14:41:22 - root - INFO - WebSocket thread started
2025-08-22 14:41:22 - root - INFO - Starting GUI event loop...
2025-08-22 14:41:22 - root - INFO - Found favorite coins in preferences: ['AAVE', 'ETH', 'BTC', 'DOGE', 'EIGEN']
2025-08-22 14:41:22 - root - INFO - Successfully loaded user preferences. Active symbols: 5 coins
2025-08-22 14:41:22 - root - INFO - WebSocket started in background.
2025-08-22 14:41:23 - websocket - INFO - Websocket connected
2025-08-22 14:41:30 - root - INFO - DataManager initialized successfully
2025-08-22 14:41:30 - root - INFO - Preferences cached at module level: soft_risk=10.0%, hard_risk=40.0%
2025-08-22 14:41:30 - MarketBuyOrder - INFO - Executing SOFT market buy for BTCUSDT with 10.0%
2025-08-22 14:41:33 - root - INFO - Symbol info retrieved for BTCUSDT: min=1e-05, max=9000.0, step=1e-05
2025-08-22 14:41:33 - root - INFO - Quantity rounded: 0.015181791010268479 → 0.01518 (precision: 5)
2025-08-22 14:41:33 - root - INFO - BUY order executed: BTCUSDT - 0.01518 @ $112188.0 (Total: $1703.01384)
2025-08-22 14:41:33 - MarketBuyOrder - INFO - SOFT buy order completed for BTCUSDT
2025-08-22 14:41:33 - OrderManager - INFO - Order executed successfully: Soft_Buy BTCUSDT
2025-08-22 14:41:33 - root - INFO - Trade saved: 20250822_144133_BTCUSDT
2025-08-22 14:41:33 - root - INFO - Taking portfolio snapshot...
2025-08-22 14:41:33 - root - INFO - Complete trade executed and saved: Soft_Buy BTCUSDT - 0.01518 @ 112188.0
2025-08-22 14:41:33 - root - INFO - Portfolio tracker initialized
2025-08-22 14:41:40 - MarketBuyOrder - INFO - Executing SOFT market buy for DOGEUSDT with 10.0%
2025-08-22 14:41:42 - root - INFO - Symbol info retrieved for DOGEUSDT: min=1.0, max=9000000.0, step=1.0
2025-08-22 14:41:42 - root - INFO - Quantity rounded: 7215.747438617964 → 7216.0 (precision: 0)
2025-08-22 14:41:43 - root - INFO - BUY order executed: DOGEUSDT - 7216.0 @ $0.21244 (Total: $1532.96704)
2025-08-22 14:41:43 - MarketBuyOrder - INFO - SOFT buy order completed for DOGEUSDT
2025-08-22 14:41:43 - OrderManager - INFO - Order executed successfully: Soft_Buy DOGEUSDT
2025-08-22 14:41:43 - root - INFO - Trade saved: 20250822_144143_DOGEUSDT
2025-08-22 14:41:43 - root - INFO - Taking portfolio snapshot...
2025-08-22 14:41:43 - root - INFO - Complete trade executed and saved: Soft_Buy DOGEUSDT - 7216.0 @ 0.21244
2025-08-22 14:41:49 - binance_terminal.main - INFO - Application exited with code: 0
2025-08-22 14:47:40 - core.logger - INFO - Logging initialized - Level: INFO
2025-08-22 14:47:40 - core.logger - INFO - Log file: c:\Users\Ahmet\Documents\GitHub\PersonelProjects\binance_terminal_dev\src\core\..\..\logs\binance_terminal_20250822.log
2025-08-22 14:47:40 - binance_terminal.main - INFO - Starting the application...
2025-08-22 14:47:40 - binance_terminal.main - INFO - PySide6 imported successfully
2025-08-22 14:47:40 - binance_terminal.main - INFO - QApplication created
2025-08-22 14:47:40 - root - INFO - Initializing GUI...
2025-08-22 14:47:40 - root - INFO - 🚀 Binance client cached at module level
2025-08-22 14:47:40 - root - INFO - Binance client prepared successfully
2025-08-22 14:47:40 - root - INFO - Creating main window...
2025-08-22 14:47:40 - root - INFO - MainWindow: Starting initialization...
2025-08-22 14:47:40 - root - INFO - Application and window icon set to: c:\Users\Ahmet\Documents\GitHub\PersonelProjects\binance_terminal_dev\assets\btc.png
2025-08-22 14:47:40 - root - INFO - MainWindow: Setting up UI...
2025-08-22 14:47:41 - root - INFO - MainWindow: Initialization completed successfully
2025-08-22 14:47:41 - root - INFO - Showing main window...
2025-08-22 14:47:41 - root - INFO - Window brought to foreground using Windows API
2025-08-22 14:47:41 - root - INFO - Loading user preferences from: c:\Users\Ahmet\Documents\GitHub\PersonelProjects\binance_terminal_dev\config\Preferences.txt
2025-08-22 14:47:41 - root - INFO - WebSocket thread started
2025-08-22 14:47:41 - root - INFO - Starting GUI event loop...
2025-08-22 14:47:41 - root - INFO - Found favorite coins in preferences: ['AAVE', 'ETH', 'BTC', 'DOGE', 'EIGEN']
2025-08-22 14:47:41 - root - INFO - Successfully loaded user preferences. Active symbols: 5 coins
2025-08-22 14:47:41 - root - INFO - WebSocket started in background.
2025-08-22 14:47:42 - websocket - INFO - Websocket connected
2025-08-22 14:47:44 - root - INFO - DataManager initialized successfully
2025-08-22 14:47:44 - root - INFO - Preferences cached at module level: soft_risk=10.0%, hard_risk=40.0%
2025-08-22 14:47:44 - MarketBuyOrder - INFO - Executing SOFT market buy for BTCUSDT with 10.0%
2025-08-22 14:47:47 - root - INFO - Symbol info retrieved for BTCUSDT: min=1e-05, max=9000.0, step=1e-05
2025-08-22 14:47:47 - root - INFO - Quantity rounded: 0.012278281462404316 → 0.01228 (precision: 5)
2025-08-22 14:47:47 - root - INFO - BUY order executed: BTCUSDT - 0.01228 @ $112362.37 (Total: $1379.8099036)
2025-08-22 14:47:47 - MarketBuyOrder - INFO - SOFT buy order completed for BTCUSDT
2025-08-22 14:47:47 - OrderManager - INFO - Order executed successfully: Soft_Buy BTCUSDT
2025-08-22 14:47:48 - root - INFO - Trade saved: 20250822_144748_BTCUSDT
2025-08-22 14:47:48 - root - INFO - Taking portfolio snapshot...
2025-08-22 14:47:48 - root - INFO - Complete trade executed and saved: Soft_Buy BTCUSDT - 0.01228 @ 112362.37
2025-08-22 14:47:48 - root - INFO - Portfolio tracker initialized
2025-08-22 14:47:51 - MarketBuyOrder - INFO - Executing SOFT market buy for ETHUSDT with 10.0%
2025-08-22 14:47:54 - root - INFO - Symbol info retrieved for ETHUSDT: min=0.0001, max=9000.0, step=0.0001
2025-08-22 14:47:54 - root - INFO - Quantity rounded: 0.2895639388285778 → 0.2896 (precision: 4)
2025-08-22 14:47:54 - root - INFO - BUY order executed: ETHUSDT - 0.2896 @ $4287.95 (Total: $1241.79032)
2025-08-22 14:47:54 - MarketBuyOrder - INFO - SOFT buy order completed for ETHUSDT
2025-08-22 14:47:54 - OrderManager - INFO - Order executed successfully: Soft_Buy ETHUSDT
2025-08-22 14:47:54 - root - INFO - Trade saved: 20250822_144754_ETHUSDT
2025-08-22 14:47:54 - root - INFO - Taking portfolio snapshot...
2025-08-22 14:47:54 - root - INFO - Complete trade executed and saved: Soft_Buy ETHUSDT - 0.2896 @ 4287.95
2025-08-22 14:47:59 - binance_terminal.main - INFO - Application exited with code: 0
